2026-04-24 14:43:05,974 INFO: === split_af_parts.py started ===
2026-04-24 14:43:05,974 INFO: Reading: c:\Users\pc\Downloads\AF Cluster 1 Workflow 04 18 2026\Adulting_Finance_Master_Strategy_COMPLETE.txt
2026-04-24 14:43:05,982 INFO: Loaded 26,543 lines
2026-04-24 14:43:05,983 INFO:   Found AF_Part1_Foundation.md at source line 248
2026-04-24 14:43:05,984 INFO:   Found AF_Part2_Audience.md at source line 1022
2026-04-24 14:43:05,985 INFO:   Found AF_Part3_Competitors.md at source line 1067
2026-04-24 14:43:05,985 INFO:   Found AF_Part4_Architecture.md at source line 1110
2026-04-24 14:43:05,985 INFO:   Found AF_Part5_Content_Strategy.md at source line 1187
2026-04-24 14:43:05,986 INFO:   Found AF_Part6_Writing_Guide.md at source line 1747
2026-04-24 14:43:05,994 INFO:   Found AF_Part7_SEO.md at source line 11971
2026-04-24 14:43:05,997 INFO:   Found AF_Part8_Monetization.md at source line 14621
2026-04-24 14:43:05,999 INFO:   Found AF_Part9_Traffic.md at source line 16972
2026-04-24 14:43:06,000 INFO:   Found AF_Part10_Operations.md at source line 20245
2026-04-24 14:43:06,002 INFO:   Found AF_Part11_Products.md at source line 23753
2026-04-24 14:43:06,003 INFO: Writing preamble: lines 1–247 → AF_Part0_Preamble.md
2026-04-24 14:43:06,004 INFO:   Written AF_Part0_Preamble.md: lines 1–247 (247 lines | 7,921 chars)
2026-04-24 14:43:06,007 INFO:   Written AF_Part1_Foundation.md: lines 248–1021 (774 lines | 37,946 chars)
2026-04-24 14:43:06,008 INFO:   Written AF_Part2_Audience.md: lines 1022–1066 (45 lines | 2,660 chars)
2026-04-24 14:43:06,009 INFO:   Written AF_Part3_Competitors.md: lines 1067–1109 (43 lines | 2,164 chars)
2026-04-24 14:43:06,010 INFO:   Written AF_Part4_Architecture.md: lines 1110–1186 (77 lines | 4,297 chars)
2026-04-24 14:43:06,012 INFO:   Written AF_Part5_Content_Strategy.md: lines 1187–1746 (560 lines | 34,669 chars)
2026-04-24 14:43:06,015 INFO:   Written AF_Part6_Writing_Guide.md: lines 1747–11970 (10,224 lines | 564,338 chars)
2026-04-24 14:43:06,016 INFO:   Written AF_Part7_SEO.md: lines 11971–14620 (2,650 lines | 151,716 chars)
2026-04-24 14:43:06,018 INFO:   Written AF_Part8_Monetization.md: lines 14621–16971 (2,351 lines | 173,160 chars)
2026-04-24 14:43:06,019 INFO:   Written AF_Part9_Traffic.md: lines 16972–20244 (3,273 lines | 204,768 chars)
2026-04-24 14:43:06,020 INFO:   Written AF_Part10_Operations.md: lines 20245–23752 (3,508 lines | 172,080 chars)
2026-04-24 14:43:06,022 INFO:   Written AF_Part11_Products.md: lines 23753–26543 (2,791 lines | 182,201 chars)
2026-04-24 14:43:06,022 INFO: --- Validation ---
2026-04-24 14:43:06,022 INFO:   OK: AF_Part0_Preamble.md (9,624 bytes)
2026-04-24 14:43:06,022 INFO:   OK: AF_Part1_Foundation.md (38,958 bytes)
2026-04-24 14:43:06,022 INFO:   OK: AF_Part2_Audience.md (2,713 bytes)
2026-04-24 14:43:06,022 INFO:   OK: AF_Part3_Competitors.md (2,211 bytes)
2026-04-24 14:43:06,023 INFO:   OK: AF_Part4_Architecture.md (4,408 bytes)
2026-04-24 14:43:06,023 INFO:   OK: AF_Part5_Content_Strategy.md (36,867 bytes)
2026-04-24 14:43:06,023 INFO:   OK: AF_Part6_Writing_Guide.md (584,893 bytes)
2026-04-24 14:43:06,023 INFO:   OK: AF_Part7_SEO.md (156,649 bytes)
2026-04-24 14:43:06,023 INFO:   OK: AF_Part8_Monetization.md (176,431 bytes)
2026-04-24 14:43:06,023 INFO:   OK: AF_Part9_Traffic.md (209,498 bytes)
2026-04-24 14:43:06,023 INFO:   OK: AF_Part10_Operations.md (177,522 bytes)
2026-04-24 14:43:06,023 INFO:   OK: AF_Part11_Products.md (187,025 bytes)
2026-04-24 14:43:06,023 INFO: === Done: SUCCESS ===
